=2019-06-01 21:55:44 [main] INFO  c.i.app.SpringBootLoggerApplication - Starting SpringBootLoggerApplication on 11XN542 with PID 6044 (C:\Mohit\spring_workspace\SpringBootLogger\target\classes started by zjinmoh in C:\Mohit\spring_workspace\SpringBootLogger)
=2019-06-01 21:55:44 [main] INFO  c.i.app.SpringBootLoggerApplication - No active profile set, falling back to default profiles: default
=2019-06-01 21:55:44 [main] INFO  o.s.b.c.e.AnnotationConfigEmbeddedWebApplicationContext - Refreshing org.springframework.boot.context.embedded.AnnotationConfigEmbeddedWebApplicationContext@3bd94634: startup date [Sat Jun 01 21:55:44 IST 2019]; root of context hierarchy
=2019-06-01 21:55:47 [main] INFO  o.s.b.c.e.t.TomcatEmbeddedServletContainer - Tomcat initialized with port(s): 9090 (http)
=2019-06-01 21:55:47 [main] INFO  o.a.catalina.core.StandardService - Starting service [Tomcat]
=2019-06-01 21:55:47 [main] INFO  o.a.catalina.core.StandardEngine - Starting Servlet Engine: Apache Tomcat/8.5.40
=2019-06-01 21:55:47 [localhost-startStop-1] INFO  o.a.c.c.C.[Tomcat].[localhost].[/] - Initializing Spring embedded WebApplicationContext
=2019-06-01 21:55:47 [localhost-startStop-1] INFO  o.s.web.context.ContextLoader - Root WebApplicationContext: initialization completed in 3214 ms
=2019-06-01 21:55:47 [localhost-startStop-1] INFO  o.s.b.w.s.ServletRegistrationBean - Mapping servlet: 'dispatcherServlet' to [/]
=2019-06-01 21:55:47 [localhost-startStop-1] INFO  o.s.b.w.s.FilterRegistrationBean - Mapping filter: 'characterEncodingFilter' to: [/*]
=2019-06-01 21:55:47 [localhost-startStop-1] INFO  o.s.b.w.s.FilterRegistrationBean - Mapping filter: 'hiddenHttpMethodFilter' to: [/*]
=2019-06-01 21:55:47 [localhost-startStop-1] INFO  o.s.b.w.s.FilterRegistrationBean - Mapping filter: 'httpPutFormContentFilter' to: [/*]
=2019-06-01 21:55:47 [localhost-startStop-1] INFO  o.s.b.w.s.FilterRegistrationBean - Mapping filter: 'requestContextFilter' to: [/*]
=2019-06-01 21:55:48 [main] INFO  o.s.w.s.m.m.a.RequestMappingHandlerAdapter - Looking for @ControllerAdvice: org.springframework.boot.context.embedded.AnnotationConfigEmbeddedWebApplicationContext@3bd94634: startup date [Sat Jun 01 21:55:44 IST 2019]; root of context hierarchy
=2019-06-01 21:55:48 [main] INFO  o.s.w.s.m.m.a.RequestMappingHandlerMapping - Mapped "{[/]}" onto public java.lang.String com.infotech.app.SpringBootLoggerApplication.welcome()
=2019-06-01 21:55:48 [main] INFO  o.s.w.s.m.m.a.RequestMappingHandlerMapping - Mapped "{[/error]}" onto public org.springframework.http.ResponseEntity<java.util.Map<java.lang.String, java.lang.Object>> org.springframework.boot.autoconfigure.web.BasicErrorController.error(javax.servlet.http.HttpServletRequest)
=2019-06-01 21:55:48 [main] INFO  o.s.w.s.m.m.a.RequestMappingHandlerMapping - Mapped "{[/error],produces=[text/html]}" onto public org.springframework.web.servlet.ModelAndView org.springframework.boot.autoconfigure.web.BasicErrorController.errorHtml(javax.servlet.http.HttpServletRequest,javax.servlet.http.HttpServletResponse)
=2019-06-01 21:55:48 [main] INFO  o.s.w.s.h.SimpleUrlHandlerMapping - Mapped URL path [/webjars/**] onto handler of type [class org.springframework.web.servlet.resource.ResourceHttpRequestHandler]
=2019-06-01 21:55:48 [main] INFO  o.s.w.s.h.SimpleUrlHandlerMapping - Mapped URL path [/**] onto handler of type [class org.springframework.web.servlet.resource.ResourceHttpRequestHandler]
=2019-06-01 21:55:48 [main] INFO  o.s.w.s.h.SimpleUrlHandlerMapping - Mapped URL path [/**/favicon.ico] onto handler of type [class org.springframework.web.servlet.resource.ResourceHttpRequestHandler]
=2019-06-01 21:55:48 [main] INFO  o.s.j.e.a.AnnotationMBeanExporter - Registering beans for JMX exposure on startup
=2019-06-01 21:55:48 [main] INFO  o.s.b.c.e.t.TomcatEmbeddedServletContainer - Tomcat started on port(s): 9090 (http)
=2019-06-01 21:55:49 [main] INFO  c.i.app.SpringBootLoggerApplication - Started SpringBootLoggerApplication in 5.501 seconds (JVM running for 6.291)
=2019-06-01 21:55:49 [main] ERROR c.i.app.SpringBootLoggerApplication - Message logged at ERROR level
=2019-06-01 21:55:49 [main] WARN  c.i.app.SpringBootLoggerApplication - Message logged at WARN level
=2019-06-01 21:55:49 [main] INFO  c.i.app.SpringBootLoggerApplication - Message logged at INFO level
